<?xml version="1.0" encoding="UTF-8"?>
<!-- Generated by org.testng.reporters.JUnitReportReporter -->
<testsuite skipped="0" hostname="DESKTOP-AB1UVI3" name="com.jbk.testNG_Ex.TestNG_Example" tests="3" failures="0" timestamp="19 Mar 2021 12:11:03 GMT" time="10.802" errors="0">
  <testcase name="verify_log_inTitle" time="2.735" classname="com.jbk.testNG_Ex.TestNG_Example"/>
  <testcase name="Log_in_Test" time="5.349" classname="com.jbk.testNG_Ex.TestNG_Example"/>
  <testcase name="Verify_logo" time="2.718" classname="com.jbk.testNG_Ex.TestNG_Example"/>
</testsuite> <!-- com.jbk.testNG_Ex.TestNG_Example -->
